<?xml version="1.0" encoding="UTF-8"?>
<!-- Generated by org.testng.reporters.JUnitXMLReporter -->
<testsuite hostname="Hemant" name="Hybrent Mobile Automation" tests="93" failures="6" timestamp="29 Aug 2022 06:49:10 GMT" time="3303.258" errors="0">
  <testcase name="" time="14.185" classname="Hybrent4_0_0rc1.Login"/>
  <testcase name="" time="7.981" classname="Hybrent4_0_0rc1.Login"/>
  <testcase name="" time="8.037" classname="Hybrent4_0_0rc1.Login"/>
  <testcase name="" time="10.957" classname="Hybrent4_0_0rc1.Login"/>
  <testcase name="" time="10.472" classname="Hybrent4_0_0rc1.Login"/>
  <testcase name="" time="17.068" classname="Hybrent4_0_0rc1.Login"/>
  <testcase name="Verify_Shop" time="19.164" classname="Hybrent4_0_0rc1.Shop"/>
  <testcase name="Verify_ItemAddToCart" time="16.235" classname="Hybrent4_0_0rc1.Shop"/>
  <testcase name="" time="123.836" classname="Hybrent4_0_0rc1.Cart"/>
  <testcase name="" time="41.866" classname="Hybrent4_0_0rc1.Cart"/>
  <testcase name="" time="46.768" classname="Hybrent4_0_0rc1.Cart"/>
  <testcase name="Verify_Order" time="147.487" classname="Hybrent4_0_0rc1.Orders"/>
  <testcase name="VerifyTap_ReceiveOrder" time="41.663" classname="Hybrent4_0_0rc1.Receive_Orders"/>
  <testcase name="VerifySearch_Order" time="5.609" classname="Hybrent4_0_0rc1.Receive_Orders"/>
  <testcase name="Verify_ReceiveOrder" time="29.206" classname="Hybrent4_0_0rc1.Receive_Orders"/>
  <testcase name="VerifyTap_BillAndReplace" time="54.872" classname="Hybrent4_0_0rc1.BillAndReplace"/>
  <testcase name="VerifyAddItem_BillAndReplace" time="14.036" classname="Hybrent4_0_0rc1.BillAndReplace"/>
  <testcase name="Generate_BillAndReplace_PO" time="77.922" classname="Hybrent4_0_0rc1.BillAndReplace"/>
  <testcase name="Verify_BillAndReplace_PO" time="144.495" classname="Hybrent4_0_0rc1.BillAndReplace"/>
  <testcase name="Recieve_BillAndReplace_PO" time="338.445" classname="Hybrent4_0_0rc1.BillAndReplace"/>
  <testcase name="VerifyShipmentButtonTap" time="78.381" classname="Hybrent4_0_0rc1.Shipment"/>
  <testcase name="VerifyInvoiceButtonTap" time="132.146" classname="Hybrent4_0_0rc1.Invoice"/>
  <testcase name="VerifyInvoiceDeatilPage" time="5.629" classname="Hybrent4_0_0rc1.Invoice"/>
  <testcase name="VerifyProcessedInvoice" time="73.881" classname="Hybrent4_0_0rc1.Invoice"/>
  <testcase name="Verify_OrderTemplate" time="45.738" classname="Hybrent4_0_0rc1.Templates"/>
  <testcase name="Verify_OrderTemplateDetailPage" time="9.829" classname="Hybrent4_0_0rc1.Templates"/>
  <testcase name="Make_Order" time="43.501" classname="Hybrent4_0_0rc1.Templates"/>
  <testcase name="Verify_ScanOutTemplate" time="80.772" classname="Hybrent4_0_0rc1.Templates"/>
  <testcase name="Verify_ScanOutTemplateDetailPage" time="6.622" classname="Hybrent4_0_0rc1.Templates"/>
  <testcase name="Verify_ScanOut" time="125.268" classname="Hybrent4_0_0rc1.Templates">
    <failure type="org.openqa.selenium.TimeoutException" message="Expected condition failed: waiting for visibility of element located by By.xpath: /hierarchy/android.widget.FrameLayout/android.widget.LinearLayout/android.widget.FrameLayout/android.webkit.WebView/android.webkit.WebView/android.view.View/android.view.View/android.view.View/android.view.View[2]/android.view.View[1]/android.view.View/android.view.View/android.widget.Button
 (tried for 40 second(s) with 500 milliseconds interval)
Build info: version: &amp;apos;4.1.1&amp;apos;, revision: &amp;apos;e8fcc2cecf&amp;apos;
System info: host: &amp;apos;HEMANT&amp;apos;, ip: &amp;apos;192.168.1.8&amp;apos;, os.name: &amp;apos;Windows 11&amp;apos;, os.arch: &amp;apos;amd64&amp;apos;, os.version: &amp;apos;10.0&amp;apos;, java.version: &amp;apos;1.8.0_333&amp;apos;
Driver info: io.appium.java_client.android.AndroidDriver
Capabilities {appium:appActivity: com.hybrent.hybrent.MainAct..., appium:appPackage: com.hybrent.hybrent, appium:databaseEnabled: false, appium:desired: {appActivity: com.hybrent.hybrent.MainAct..., appPackage: com.hybrent.hybrent, deviceName: ZY2242XGM3, platformName: android, skipUnlock: true, version: 8.1.0}, appium:deviceApiLevel: 27, appium:deviceManufacturer: motorola, appium:deviceModel: Moto G (5) Plus, appium:deviceName: ZY2242XGM3, appium:deviceScreenDensity: 480, appium:deviceScreenSize: 1080x1920, appium:deviceUDID: ZY2242XGM3, appium:javascriptEnabled: true, appium:locationContextEnabled: false, appium:networkConnectionEnabled: true, appium:pixelRatio: 3, appium:platformVersion: 8.1.0, appium:skipUnlock: true, appium:statBarHeight: 72, appium:takesScreenshot: true, appium:version: 8.1.0, appium:viewportRect: {height: 1704, left: 0, top: 72, width: 1080}, appium:warnings: {}, appium:webStorageEnabled: false, platformName: android}
Session ID: 9498e368-9a41-40d7-9b29-34da0c3dca37">
      <![CDATA[org.openqa.selenium.TimeoutException: Expected condition failed: waiting for visibility of element located by By.xpath: /hierarchy/android.widget.FrameLayout/android.widget.LinearLayout/android.widget.FrameLayout/android.webkit.WebView/android.webkit.WebView/android.view.View/android.view.View/android.view.View/android.view.View[2]/android.view.View[1]/android.view.View/android.view.View/android.widget.Button
 (tried for 40 second(s) with 500 milliseconds interval)
Build info: version: '4.1.1', revision: 'e8fcc2cecf'
System info: host: 'HEMANT', ip: '192.168.1.8', os.name: 'Windows 11', os.arch: 'amd64', os.version: '10.0', java.version: '1.8.0_333'
Driver info: io.appium.java_client.android.AndroidDriver
Capabilities {appium:appActivity: com.hybrent.hybrent.MainAct..., appium:appPackage: com.hybrent.hybrent, appium:databaseEnabled: false, appium:desired: {appActivity: com.hybrent.hybrent.MainAct..., appPackage: com.hybrent.hybrent, deviceName: ZY2242XGM3, platformName: android, skipUnlock: true, version: 8.1.0}, appium:deviceApiLevel: 27, appium:deviceManufacturer: motorola, appium:deviceModel: Moto G (5) Plus, appium:deviceName: ZY2242XGM3, appium:deviceScreenDensity: 480, appium:deviceScreenSize: 1080x1920, appium:deviceUDID: ZY2242XGM3, appium:javascriptEnabled: true, appium:locationContextEnabled: false, appium:networkConnectionEnabled: true, appium:pixelRatio: 3, appium:platformVersion: 8.1.0, appium:skipUnlock: true, appium:statBarHeight: 72, appium:takesScreenshot: true, appium:version: 8.1.0, appium:viewportRect: {height: 1704, left: 0, top: 72, width: 1080}, appium:warnings: {}, appium:webStorageEnabled: false, platformName: android}
Session ID: 9498e368-9a41-40d7-9b29-34da0c3dca37
	at org.openqa.selenium.support.ui.WebDriverWait.timeoutException(WebDriverWait.java:138)
	at org.openqa.selenium.support.ui.FluentWait.until(FluentWait.java:231)
	at Hybrent4_0_0rc1.Templates.Verify_ScanOut(Templates.java:225)
... Removed 24 stack frames]]>
    </failure>
  </testcase> <!-- Verify_ScanOut -->
  <testcase name="Verify_KitTemplate" time="61.374" classname="Hybrent4_0_0rc1.Templates">
    <failure type="org.openqa.selenium.TimeoutException" message="Expected condition failed: waiting for visibility of element located by By.xpath: //android.view.View[@content-desc=&amp;quot;Kit&amp;quot;] (tried for 40 second(s) with 500 milliseconds interval)
Build info: version: &amp;apos;4.1.1&amp;apos;, revision: &amp;apos;e8fcc2cecf&amp;apos;
System info: host: &amp;apos;HEMANT&amp;apos;, ip: &amp;apos;192.168.1.8&amp;apos;, os.name: &amp;apos;Windows 11&amp;apos;, os.arch: &amp;apos;amd64&amp;apos;, os.version: &amp;apos;10.0&amp;apos;, java.version: &amp;apos;1.8.0_333&amp;apos;
Driver info: io.appium.java_client.android.AndroidDriver
Capabilities {appium:appActivity: com.hybrent.hybrent.MainAct..., appium:appPackage: com.hybrent.hybrent, appium:databaseEnabled: false, appium:desired: {appActivity: com.hybrent.hybrent.MainAct..., appPackage: com.hybrent.hybrent, deviceName: ZY2242XGM3, platformName: android, skipUnlock: true, version: 8.1.0}, appium:deviceApiLevel: 27, appium:deviceManufacturer: motorola, appium:deviceModel: Moto G (5) Plus, appium:deviceName: ZY2242XGM3, appium:deviceScreenDensity: 480, appium:deviceScreenSize: 1080x1920, appium:deviceUDID: ZY2242XGM3, appium:javascriptEnabled: true, appium:locationContextEnabled: false, appium:networkConnectionEnabled: true, appium:pixelRatio: 3, appium:platformVersion: 8.1.0, appium:skipUnlock: true, appium:statBarHeight: 72, appium:takesScreenshot: true, appium:version: 8.1.0, appium:viewportRect: {height: 1704, left: 0, top: 72, width: 1080}, appium:warnings: {}, appium:webStorageEnabled: false, platformName: android}
Session ID: 9498e368-9a41-40d7-9b29-34da0c3dca37">
      <![CDATA[org.openqa.selenium.TimeoutException: Expected condition failed: waiting for visibility of element located by By.xpath: //android.view.View[@content-desc="Kit"] (tried for 40 second(s) with 500 milliseconds interval)
Build info: version: '4.1.1', revision: 'e8fcc2cecf'
System info: host: 'HEMANT', ip: '192.168.1.8', os.name: 'Windows 11', os.arch: 'amd64', os.version: '10.0', java.version: '1.8.0_333'
Driver info: io.appium.java_client.android.AndroidDriver
Capabilities {appium:appActivity: com.hybrent.hybrent.MainAct..., appium:appPackage: com.hybrent.hybrent, appium:databaseEnabled: false, appium:desired: {appActivity: com.hybrent.hybrent.MainAct..., appPackage: com.hybrent.hybrent, deviceName: ZY2242XGM3, platformName: android, skipUnlock: true, version: 8.1.0}, appium:deviceApiLevel: 27, appium:deviceManufacturer: motorola, appium:deviceModel: Moto G (5) Plus, appium:deviceName: ZY2242XGM3, appium:deviceScreenDensity: 480, appium:deviceScreenSize: 1080x1920, appium:deviceUDID: ZY2242XGM3, appium:javascriptEnabled: true, appium:locationContextEnabled: false, appium:networkConnectionEnabled: true, appium:pixelRatio: 3, appium:platformVersion: 8.1.0, appium:skipUnlock: true, appium:statBarHeight: 72, appium:takesScreenshot: true, appium:version: 8.1.0, appium:viewportRect: {height: 1704, left: 0, top: 72, width: 1080}, appium:warnings: {}, appium:webStorageEnabled: false, platformName: android}
Session ID: 9498e368-9a41-40d7-9b29-34da0c3dca37
	at org.openqa.selenium.support.ui.WebDriverWait.timeoutException(WebDriverWait.java:138)
	at org.openqa.selenium.support.ui.FluentWait.until(FluentWait.java:231)
	at Hybrent4_0_0rc1.Templates.Verify_KitTemplate(Templates.java:290)
... Removed 24 stack frames]]>
    </failure>
  </testcase> <!-- Verify_KitTemplate -->
  <testcase name="Verify_KitTemplateDetailPage" time="24.573" classname="Hybrent4_0_0rc1.Templates"/>
  <testcase name="Make_Kit" time="15.593" classname="Hybrent4_0_0rc1.Templates"/>
  <testcase name="Verify_WarehouseShop" time="15.037" classname="Hybrent4_0_0rc1.Warehouse"/>
  <testcase name="Verify_Warehousefacility" time="8.499" classname="Hybrent4_0_0rc1.Warehouse"/>
  <testcase name="Verify_WarehouseitemAddInShop" time="21.093" classname="Hybrent4_0_0rc1.Warehouse"/>
  <testcase name="Verify_WarehouseItemInCart" time="30.562" classname="Hybrent4_0_0rc1.Warehouse"/>
  <testcase name="Create_WarehouseOrder" time="12.461" classname="Hybrent4_0_0rc1.Warehouse"/>
  <testcase name="Verify_Warehouseorder" time="24.807" classname="Hybrent4_0_0rc1.Warehouse"/>
  <testcase name="Verify_WarehouseModuleTap" time="18.573" classname="Hybrent4_0_0rc1.Warehouse"/>
  <testcase name="Verify_WarehouseOrder" time="16.129" classname="Hybrent4_0_0rc1.Warehouse"/>
  <testcase name="Verify_CreatedWarehouseOrder" time="8.924" classname="Hybrent4_0_0rc1.Warehouse"/>
  <testcase name="Verify_WarehouseOrderDetail" time="10.869" classname="Hybrent4_0_0rc1.Warehouse"/>
  <testcase name="Select_WarehouseInventory" time="9.566" classname="Hybrent4_0_0rc1.Warehouse"/>
  <testcase name="IncreaseItemQuantity" time="37.916" classname="Hybrent4_0_0rc1.Warehouse"/>
  <testcase name="AddToScanout" time="12.484" classname="Hybrent4_0_0rc1.Warehouse"/>
  <testcase name="VerifyPicked" time="4.162" classname="Hybrent4_0_0rc1.Warehouse"/>
  <testcase name="VerifyDeleteAllItem" time="33.555" classname="Hybrent4_0_0rc1.Warehouse"/>
  <testcase name="VerifyWarehosueItemInScanout" time="7.658" classname="Hybrent4_0_0rc1.Warehouse"/>
  <testcase name="SelectWarehosueFacilityInScanout" time="18.668" classname="Hybrent4_0_0rc1.Warehouse"/>
  <testcase name="Verify_Complete_ScanOutForWarehouseItem" time="67.956" classname="Hybrent4_0_0rc1.Warehouse">
    <failure type="org.openqa.selenium.TimeoutException" message="Expected condition failed: waiting for visibility of element located by By.xpath: /hierarchy/android.widget.FrameLayout/android.widget.LinearLayout/android.widget.FrameLayout/android.webkit.WebView/android.webkit.WebView/android.view.View/android.view.View[2]/android.view.View/android.widget.Button[2]
 (tried for 20 second(s) with 500 milliseconds interval)
Build info: version: &amp;apos;4.1.1&amp;apos;, revision: &amp;apos;e8fcc2cecf&amp;apos;
System info: host: &amp;apos;HEMANT&amp;apos;, ip: &amp;apos;192.168.1.8&amp;apos;, os.name: &amp;apos;Windows 11&amp;apos;, os.arch: &amp;apos;amd64&amp;apos;, os.version: &amp;apos;10.0&amp;apos;, java.version: &amp;apos;1.8.0_333&amp;apos;
Driver info: io.appium.java_client.android.AndroidDriver
Capabilities {appium:appActivity: com.hybrent.hybrent.MainAct..., appium:appPackage: com.hybrent.hybrent, appium:databaseEnabled: false, appium:desired: {appActivity: com.hybrent.hybrent.MainAct..., appPackage: com.hybrent.hybrent, deviceName: ZY2242XGM3, platformName: android, skipUnlock: true, version: 8.1.0}, appium:deviceApiLevel: 27, appium:deviceManufacturer: motorola, appium:deviceModel: Moto G (5) Plus, appium:deviceName: ZY2242XGM3, appium:deviceScreenDensity: 480, appium:deviceScreenSize: 1080x1920, appium:deviceUDID: ZY2242XGM3, appium:javascriptEnabled: true, appium:locationContextEnabled: false, appium:networkConnectionEnabled: true, appium:pixelRatio: 3, appium:platformVersion: 8.1.0, appium:skipUnlock: true, appium:statBarHeight: 72, appium:takesScreenshot: true, appium:version: 8.1.0, appium:viewportRect: {height: 1704, left: 0, top: 72, width: 1080}, appium:warnings: {}, appium:webStorageEnabled: false, platformName: android}
Session ID: 9498e368-9a41-40d7-9b29-34da0c3dca37">
      <![CDATA[org.openqa.selenium.TimeoutException: Expected condition failed: waiting for visibility of element located by By.xpath: /hierarchy/android.widget.FrameLayout/android.widget.LinearLayout/android.widget.FrameLayout/android.webkit.WebView/android.webkit.WebView/android.view.View/android.view.View[2]/android.view.View/android.widget.Button[2]
 (tried for 20 second(s) with 500 milliseconds interval)
Build info: version: '4.1.1', revision: 'e8fcc2cecf'
System info: host: 'HEMANT', ip: '192.168.1.8', os.name: 'Windows 11', os.arch: 'amd64', os.version: '10.0', java.version: '1.8.0_333'
Driver info: io.appium.java_client.android.AndroidDriver
Capabilities {appium:appActivity: com.hybrent.hybrent.MainAct..., appium:appPackage: com.hybrent.hybrent, appium:databaseEnabled: false, appium:desired: {appActivity: com.hybrent.hybrent.MainAct..., appPackage: com.hybrent.hybrent, deviceName: ZY2242XGM3, platformName: android, skipUnlock: true, version: 8.1.0}, appium:deviceApiLevel: 27, appium:deviceManufacturer: motorola, appium:deviceModel: Moto G (5) Plus, appium:deviceName: ZY2242XGM3, appium:deviceScreenDensity: 480, appium:deviceScreenSize: 1080x1920, appium:deviceUDID: ZY2242XGM3, appium:javascriptEnabled: true, appium:locationContextEnabled: false, appium:networkConnectionEnabled: true, appium:pixelRatio: 3, appium:platformVersion: 8.1.0, appium:skipUnlock: true, appium:statBarHeight: 72, appium:takesScreenshot: true, appium:version: 8.1.0, appium:viewportRect: {height: 1704, left: 0, top: 72, width: 1080}, appium:warnings: {}, appium:webStorageEnabled: false, platformName: android}
Session ID: 9498e368-9a41-40d7-9b29-34da0c3dca37
	at org.openqa.selenium.support.ui.WebDriverWait.timeoutException(WebDriverWait.java:138)
	at org.openqa.selenium.support.ui.FluentWait.until(FluentWait.java:231)
	at Hybrent4_0_0rc1.Warehouse.Verify_Complete_ScanOutForWarehouseItem(Warehouse.java:657)
... Removed 24 stack frames]]>
    </failure>
  </testcase> <!-- Verify_Complete_ScanOutForWarehouseItem -->
  <testcase name="Verify_ScanInButtonTap" time="17.419" classname="Hybrent4_0_0rc1.ScanIn"/>
  <testcase name="VerifyAddItem_ScanIn" time="23.285" classname="Hybrent4_0_0rc1.ScanIn"/>
  <testcase name="Verify_Complete_ScanIn" time="23.486" classname="Hybrent4_0_0rc1.ScanIn"/>
  <testcase name="Verify_ScanOutButtonTap" time="12.044" classname="Hybrent4_0_0rc1.ScanOut"/>
  <testcase name="Verify_AddItemScanOut" time="10.203" classname="Hybrent4_0_0rc1.ScanOut"/>
  <testcase name="Verify_Complete_ScanOut" time="53.712" classname="Hybrent4_0_0rc1.ScanOut"/>
  <testcase name="VerifyChargeResidentButtonTap" time="25.166" classname="Hybrent4_0_0rc1.Charge_Resident"/>
  <testcase name="VerifyAddItemChargeResident" time="61.64" classname="Hybrent4_0_0rc1.Charge_Resident">
    <failure type="org.openqa.selenium.TimeoutException" message="Expected condition failed: waiting for visibility of element located by By.xpath: /hierarchy/android.widget.FrameLayout/android.widget.LinearLayout/android.widget.FrameLayout/android.webkit.WebView/android.webkit.WebView/android.view.View/android.view.View[2]/android.view.View[2]/android.view.View/android.view.View[2]/android.view.View[1]/android.view.View/android.view.View[2]/android.view.View[1]/android.view.View[1]/android.view.View
 (tried for 30 second(s) with 500 milliseconds interval)
Build info: version: &amp;apos;4.1.1&amp;apos;, revision: &amp;apos;e8fcc2cecf&amp;apos;
System info: host: &amp;apos;HEMANT&amp;apos;, ip: &amp;apos;192.168.1.8&amp;apos;, os.name: &amp;apos;Windows 11&amp;apos;, os.arch: &amp;apos;amd64&amp;apos;, os.version: &amp;apos;10.0&amp;apos;, java.version: &amp;apos;1.8.0_333&amp;apos;
Driver info: io.appium.java_client.android.AndroidDriver
Capabilities {appium:appActivity: com.hybrent.hybrent.MainAct..., appium:appPackage: com.hybrent.hybrent, appium:databaseEnabled: false, appium:desired: {appActivity: com.hybrent.hybrent.MainAct..., appPackage: com.hybrent.hybrent, deviceName: ZY2242XGM3, platformName: android, skipUnlock: true, version: 8.1.0}, appium:deviceApiLevel: 27, appium:deviceManufacturer: motorola, appium:deviceModel: Moto G (5) Plus, appium:deviceName: ZY2242XGM3, appium:deviceScreenDensity: 480, appium:deviceScreenSize: 1080x1920, appium:deviceUDID: ZY2242XGM3, appium:javascriptEnabled: true, appium:locationContextEnabled: false, appium:networkConnectionEnabled: true, appium:pixelRatio: 3, appium:platformVersion: 8.1.0, appium:skipUnlock: true, appium:statBarHeight: 72, appium:takesScreenshot: true, appium:version: 8.1.0, appium:viewportRect: {height: 1704, left: 0, top: 72, width: 1080}, appium:warnings: {}, appium:webStorageEnabled: false, platformName: android}
Session ID: 9498e368-9a41-40d7-9b29-34da0c3dca37">
      <![CDATA[org.openqa.selenium.TimeoutException: Expected condition failed: waiting for visibility of element located by By.xpath: /hierarchy/android.widget.FrameLayout/android.widget.LinearLayout/android.widget.FrameLayout/android.webkit.WebView/android.webkit.WebView/android.view.View/android.view.View[2]/android.view.View[2]/android.view.View/android.view.View[2]/android.view.View[1]/android.view.View/android.view.View[2]/android.view.View[1]/android.view.View[1]/android.view.View
 (tried for 30 second(s) with 500 milliseconds interval)
Build info: version: '4.1.1', revision: 'e8fcc2cecf'
System info: host: 'HEMANT', ip: '192.168.1.8', os.name: 'Windows 11', os.arch: 'amd64', os.version: '10.0', java.version: '1.8.0_333'
Driver info: io.appium.java_client.android.AndroidDriver
Capabilities {appium:appActivity: com.hybrent.hybrent.MainAct..., appium:appPackage: com.hybrent.hybrent, appium:databaseEnabled: false, appium:desired: {appActivity: com.hybrent.hybrent.MainAct..., appPackage: com.hybrent.hybrent, deviceName: ZY2242XGM3, platformName: android, skipUnlock: true, version: 8.1.0}, appium:deviceApiLevel: 27, appium:deviceManufacturer: motorola, appium:deviceModel: Moto G (5) Plus, appium:deviceName: ZY2242XGM3, appium:deviceScreenDensity: 480, appium:deviceScreenSize: 1080x1920, appium:deviceUDID: ZY2242XGM3, appium:javascriptEnabled: true, appium:locationContextEnabled: false, appium:networkConnectionEnabled: true, appium:pixelRatio: 3, appium:platformVersion: 8.1.0, appium:skipUnlock: true, appium:statBarHeight: 72, appium:takesScreenshot: true, appium:version: 8.1.0, appium:viewportRect: {height: 1704, left: 0, top: 72, width: 1080}, appium:warnings: {}, appium:webStorageEnabled: false, platformName: android}
Session ID: 9498e368-9a41-40d7-9b29-34da0c3dca37
	at org.openqa.selenium.support.ui.WebDriverWait.timeoutException(WebDriverWait.java:138)
	at org.openqa.selenium.support.ui.FluentWait.until(FluentWait.java:231)
	at Hybrent4_0_0rc1.Charge_Resident.VerifyAddItemChargeResident(Charge_Resident.java:93)
... Removed 24 stack frames]]>
    </failure>
  </testcase> <!-- VerifyAddItemChargeResident -->
  <testcase name="VerifyCompleteChargeResident" time="61.295" classname="Hybrent4_0_0rc1.Charge_Resident">
    <failure type="org.openqa.selenium.TimeoutException" message="Expected condition failed: waiting for visibility of element located by By.xpath: /hierarchy/android.widget.FrameLayout/android.widget.LinearLayout/android.widget.FrameLayout/android.webkit.WebView/android.webkit.WebView/android.view.View/android.view.View/android.view.View/android.view.View[2]/android.view.View[1]/android.view.View/android.widget.TextView[2] (tried for 20 second(s) with 500 milliseconds interval)
Build info: version: &amp;apos;4.1.1&amp;apos;, revision: &amp;apos;e8fcc2cecf&amp;apos;
System info: host: &amp;apos;HEMANT&amp;apos;, ip: &amp;apos;192.168.1.8&amp;apos;, os.name: &amp;apos;Windows 11&amp;apos;, os.arch: &amp;apos;amd64&amp;apos;, os.version: &amp;apos;10.0&amp;apos;, java.version: &amp;apos;1.8.0_333&amp;apos;
Driver info: io.appium.java_client.android.AndroidDriver
Capabilities {appium:appActivity: com.hybrent.hybrent.MainAct..., appium:appPackage: com.hybrent.hybrent, appium:databaseEnabled: false, appium:desired: {appActivity: com.hybrent.hybrent.MainAct..., appPackage: com.hybrent.hybrent, deviceName: ZY2242XGM3, platformName: android, skipUnlock: true, version: 8.1.0}, appium:deviceApiLevel: 27, appium:deviceManufacturer: motorola, appium:deviceModel: Moto G (5) Plus, appium:deviceName: ZY2242XGM3, appium:deviceScreenDensity: 480, appium:deviceScreenSize: 1080x1920, appium:deviceUDID: ZY2242XGM3, appium:javascriptEnabled: true, appium:locationContextEnabled: false, appium:networkConnectionEnabled: true, appium:pixelRatio: 3, appium:platformVersion: 8.1.0, appium:skipUnlock: true, appium:statBarHeight: 72, appium:takesScreenshot: true, appium:version: 8.1.0, appium:viewportRect: {height: 1704, left: 0, top: 72, width: 1080}, appium:warnings: {}, appium:webStorageEnabled: false, platformName: android}
Session ID: 9498e368-9a41-40d7-9b29-34da0c3dca37">
      <![CDATA[org.openqa.selenium.TimeoutException: Expected condition failed: waiting for visibility of element located by By.xpath: /hierarchy/android.widget.FrameLayout/android.widget.LinearLayout/android.widget.FrameLayout/android.webkit.WebView/android.webkit.WebView/android.view.View/android.view.View/android.view.View/android.view.View[2]/android.view.View[1]/android.view.View/android.widget.TextView[2] (tried for 20 second(s) with 500 milliseconds interval)
Build info: version: '4.1.1', revision: 'e8fcc2cecf'
System info: host: 'HEMANT', ip: '192.168.1.8', os.name: 'Windows 11', os.arch: 'amd64', os.version: '10.0', java.version: '1.8.0_333'
Driver info: io.appium.java_client.android.AndroidDriver
Capabilities {appium:appActivity: com.hybrent.hybrent.MainAct..., appium:appPackage: com.hybrent.hybrent, appium:databaseEnabled: false, appium:desired: {appActivity: com.hybrent.hybrent.MainAct..., appPackage: com.hybrent.hybrent, deviceName: ZY2242XGM3, platformName: android, skipUnlock: true, version: 8.1.0}, appium:deviceApiLevel: 27, appium:deviceManufacturer: motorola, appium:deviceModel: Moto G (5) Plus, appium:deviceName: ZY2242XGM3, appium:deviceScreenDensity: 480, appium:deviceScreenSize: 1080x1920, appium:deviceUDID: ZY2242XGM3, appium:javascriptEnabled: true, appium:locationContextEnabled: false, appium:networkConnectionEnabled: true, appium:pixelRatio: 3, appium:platformVersion: 8.1.0, appium:skipUnlock: true, appium:statBarHeight: 72, appium:takesScreenshot: true, appium:version: 8.1.0, appium:viewportRect: {height: 1704, left: 0, top: 72, width: 1080}, appium:warnings: {}, appium:webStorageEnabled: false, platformName: android}
Session ID: 9498e368-9a41-40d7-9b29-34da0c3dca37
	at org.openqa.selenium.support.ui.WebDriverWait.timeoutException(WebDriverWait.java:138)
	at org.openqa.selenium.support.ui.FluentWait.until(FluentWait.java:231)
	at Hybrent4_0_0rc1.Charge_Resident.VerifyCompleteChargeResident(Charge_Resident.java:125)
... Removed 24 stack frames]]>
    </failure>
  </testcase> <!-- VerifyCompleteChargeResident -->
  <testcase name="VerifyInventoryTransferButtonTap" time="19.074" classname="Hybrent4_0_0rc1.Inventory_Transfer"/>
  <testcase name="VerifyAddItemTransfer" time="28.269" classname="Hybrent4_0_0rc1.Inventory_Transfer"/>
  <testcase name="VerifyCompleteInventoryTransfer" time="3.733" classname="Hybrent4_0_0rc1.Inventory_Transfer"/>
  <testcase name="VerifyInventoryRecieveButtonTap" time="45.436" classname="Hybrent4_0_0rc1.Inventory_Receive"/>
  <testcase name="VerifyCompleteInventoryRecieve" time="13.246" classname="Hybrent4_0_0rc1.Inventory_Receive"/>
  <testcase name="CreateVendorSignature" time="65.945" classname="Hybrent4_0_0rc1.Inventory_Receive"/>
  <testcase name="VerifyBillOnlyButtonTap" time="19.637" classname="Hybrent4_0_0rc1.BillOnly"/>
  <testcase name="VerifyAddCases" time="32.008" classname="Hybrent4_0_0rc1.BillOnly"/>
  <testcase name="VerifyAddNewItemBillOnly" time="32.72" classname="Hybrent4_0_0rc1.BillOnly"/>
  <testcase name="GenerateOrderBillOnly" time="27.015" classname="Hybrent4_0_0rc1.BillOnly"/>
  <testcase name="VendorSignature" time="12.981" classname="Hybrent4_0_0rc1.BillOnly"/>
  <testcase name="HospitalSignature" time="27.627" classname="Hybrent4_0_0rc1.BillOnly"/>
  <testcase name="VerifyStartNewClaimButtonTap" time="12.41" classname="Hybrent4_0_0rc1.Claim"/>
  <testcase name="VerifyStartNewClaimPage" time="13.893" classname="Hybrent4_0_0rc1.Claim"/>
  <testcase name="VerifyAddItemInClaim" time="22.254" classname="Hybrent4_0_0rc1.Claim"/>
  <testcase name="VerifyClaimCreation" time="8.363" classname="Hybrent4_0_0rc1.Claim"/>
  <testcase name="Verify_PatientSignature" time="24.989" classname="Hybrent4_0_0rc1.Claim"/>
  <testcase name="VerifyCycleCountButtonTap" time="19.775" classname="Hybrent4_0_0rc1.Cycle_Count"/>
  <testcase name="VerifyCycleCountPage" time="31.277" classname="Hybrent4_0_0rc1.Cycle_Count"/>
  <testcase name="VerifyIntiateCycleCount" time="31.306" classname="Hybrent4_0_0rc1.Cycle_Count"/>
  <testcase name="VerifyNotCountedItem" time="13.564" classname="Hybrent4_0_0rc1.Cycle_Count"/>
  <testcase name="VerifyCountedItem" time="5.609" classname="Hybrent4_0_0rc1.Cycle_Count"/>
  <testcase name="VerifyNewItem" time="20.895" classname="Hybrent4_0_0rc1.Cycle_Count"/>
  <testcase name="CompleteCycleCount" time="45.257" classname="Hybrent4_0_0rc1.Cycle_Count"/>
  <testcase name="Verify_CycleCount" time="4.428" classname="Hybrent4_0_0rc1.Cycle_Count"/>
  <testcase name="VerifyNewsAndEventsButtonTap" time="18.356" classname="Hybrent4_0_0rc1.NewsAndEvents">
    <failure type="java.lang.AssertionError" message="expected [News &amp;amp; Events] but found [Cycle Count]">
      <![CDATA[java.lang.AssertionError: expected [News & Events] but found [Cycle Count]
	at Hybrent4_0_0rc1.NewsAndEvents.VerifyNewsAndEventsButtonTap(NewsAndEvents.java:67)
... Removed 30 stack frames]]>
    </failure>
  </testcase> <!-- VerifyNewsAndEventsButtonTap -->
  <testcase name="VerifyNewsDescriptionScreen" time="9.084" classname="Hybrent4_0_0rc1.NewsAndEvents"/>
  <testcase name="VerifyProfileButtonTap" time="41.785" classname="Hybrent4_0_0rc1.Profile"/>
  <testcase name="VerifyProfileScreen" time="30.532" classname="Hybrent4_0_0rc1.Profile"/>
  <testcase name="VerifySettingsButtonTap" time="11.378" classname="Hybrent4_0_0rc1.Settings"/>
  <testcase name="VerifySettingsScreen" time="30.796" classname="Hybrent4_0_0rc1.Settings"/>
  <testcase name="VerifyLogoutButtonTap" time="44.799" classname="Hybrent4_0_0rc1.Logout"/>
  <testcase name="VerifyLogout" time="0.211" classname="Hybrent4_0_0rc1.Logout"/>
</testsuite> <!-- Hybrent Mobile Automation -->
